Java HotSpot(TM) 64-Bit Server VM (25.211-b12) for bsd-amd64 JRE (1.8.0_211-b12), built on Apr  1 2019 20:53:18 by "java_re" with gcc 4.2.1 (Based on Apple Inc. build 5658) (LLVM build 2336.11.00)
Memory: 4k page, physical 16777216k(2751220k free)

/proc/meminfo:

CommandLine flags: -XX:InitialHeapSize=209715200 -XX:MaxHeapSize=209715200 -XX:MaxNewSize=104857600 -XX:NewSize=104857600 -XX:+PrintGC -XX:+PrintGCDateStamps -XX:+PrintGCDetails -XX:+PrintGCTimeStamps -XX:+UseCompressedClassPointers -XX:+UseCompressedOops -XX:+UseParallelGC 
2021-03-02T21:53:33.043-0800: 1.440: [GC (Allocation Failure) [PSYoungGen: 76800K->12768K(89600K)] 76800K->24915K(192000K), 0.0100716 secs] [Times: user=0.02 sys=0.06, real=0.01 secs] 
2021-03-02T21:53:33.069-0800: 1.466: [GC (Allocation Failure) [PSYoungGen: 89203K->11936K(89600K)] 101351K->76308K(192000K), 0.0243558 secs] [Times: user=0.04 sys=0.15, real=0.03 secs] 
2021-03-02T21:53:33.093-0800: 1.490: [Full GC (Ergonomics) [PSYoungGen: 11936K->0K(89600K)] [ParOldGen: 64372K->76034K(102400K)] 76308K->76034K(192000K), [Metaspace: 4850K->4850K(1056768K)], 0.0219902 secs] [Times: user=0.15 sys=0.03, real=0.02 secs] 
2021-03-02T21:53:33.131-0800: 1.528: [Full GC (Ergonomics) [PSYoungGen: 76130K->40960K(89600K)] [ParOldGen: 76034K->101523K(102400K)] 152165K->142483K(192000K), [Metaspace: 4860K->4860K(1056768K)], 0.0255039 secs] [Times: user=0.10 sys=0.07, real=0.02 secs] 
2021-03-02T21:53:33.159-0800: 1.556: [Full GC (Ergonomics) [PSYoungGen: 76582K->69647K(89600K)] [ParOldGen: 101523K->101520K(102400K)] 178105K->171168K(192000K), [Metaspace: 4860K->4860K(1056768K)], 0.0264110 secs] [Times: user=0.22 sys=0.00, real=0.03 secs] 
2021-03-02T21:53:33.187-0800: 1.584: [Full GC (Ergonomics) [PSYoungGen: 76145K->71698K(89600K)] [ParOldGen: 101520K->101519K(102400K)] 177666K->173217K(192000K), [Metaspace: 4860K->4860K(1056768K)], 0.0216028 secs] [Times: user=0.17 sys=0.01, real=0.02 secs] 
2021-03-02T21:53:33.209-0800: 1.606: [Full GC (Ergonomics) [PSYoungGen: 76005K->74770K(89600K)] [ParOldGen: 101519K->101519K(102400K)] 177524K->176290K(192000K), [Metaspace: 4860K->4860K(1056768K)], 0.0086925 secs] [Times: user=0.06 sys=0.00, real=0.01 secs] 
2021-03-02T21:53:33.219-0800: 1.616: [Full GC (Ergonomics) [PSYoungGen: 75884K->74771K(89600K)] [ParOldGen: 101519K->101519K(102400K)] 177403K->176291K(192000K), [Metaspace: 4860K->4860K(1056768K)], 0.0201224 secs] [Times: user=0.16 sys=0.00, real=0.02 secs] 
2021-03-02T21:53:33.239-0800: 1.636: [Full GC (Ergonomics) [PSYoungGen: 75795K->71699K(89600K)] [ParOldGen: 101519K->101519K(102400K)] 177315K->173219K(192000K), [Metaspace: 4860K->4860K(1056768K)], 0.0202723 secs] [Times: user=0.16 sys=0.00, real=0.03 secs] 
2021-03-02T21:53:33.261-0800: 1.658: [Full GC (Ergonomics) [PSYoungGen: 76049K->66579K(89600K)] [ParOldGen: 101519K->101514K(102400K)] 177568K->168094K(192000K), [Metaspace: 4860K->4860K(1056768K)], 0.0221497 secs] [Times: user=0.17 sys=0.00, real=0.02 secs] 
2021-03-02T21:53:33.285-0800: 1.682: [Full GC (Ergonomics) [PSYoungGen: 75849K->71703K(89600K)] [ParOldGen: 101514K->101513K(102400K)] 177364K->173216K(192000K), [Metaspace: 4860K->4860K(1056768K)], 0.0389687 secs] [Times: user=0.30 sys=0.01, real=0.04 secs] 
2021-03-02T21:53:33.325-0800: 1.722: [Full GC (Ergonomics) [PSYoungGen: 76319K->67608K(89600K)] [ParOldGen: 101513K->101510K(102400K)] 177832K->169119K(192000K), [Metaspace: 4860K->4860K(1056768K)], 0.0406527 secs] [Times: user=0.26 sys=0.01, real=0.04 secs] 
2021-03-02T21:53:33.368-0800: 1.764: [Full GC (Ergonomics) [PSYoungGen: 75841K->65562K(89600K)] [ParOldGen: 101510K->101507K(102400K)] 177351K->167070K(192000K), [Metaspace: 4860K->4860K(1056768K)], 0.0403118 secs] [Times: user=0.25 sys=0.01, real=0.04 secs] 
2021-03-02T21:53:33.410-0800: 1.807: [Full GC (Ergonomics) [PSYoungGen: 76544K->62492K(89600K)] [ParOldGen: 101507K->101504K(102400K)] 178052K->163996K(192000K), [Metaspace: 4860K->4860K(1056768K)], 0.0335399 secs] [Times: user=0.24 sys=0.01, real=0.03 secs] 
2021-03-02T21:53:33.446-0800: 1.843: [Full GC (Ergonomics) [PSYoungGen: 76800K->69654K(89600K)] [ParOldGen: 101504K->101513K(102400K)] 178304K->171167K(192000K), [Metaspace: 4860K->4860K(1056768K)], 0.0286865 secs] [Times: user=0.19 sys=0.01, real=0.03 secs] 
2021-03-02T21:53:33.476-0800: 1.873: [Full GC (Ergonomics) [PSYoungGen: 76677K->69656K(89600K)] [ParOldGen: 101513K->101511K(102400K)] 178191K->171167K(192000K), [Metaspace: 4860K->4860K(1056768K)], 0.0315690 secs] [Times: user=0.25 sys=0.00, real=0.03 secs] 
2021-03-02T21:53:33.509-0800: 1.906: [Full GC (Ergonomics) [PSYoungGen: 76745K->65562K(89600K)] [ParOldGen: 101511K->101507K(102400K)] 178256K->167070K(192000K), [Metaspace: 4863K->4863K(1056768K)], 0.0372158 secs] [Times: user=0.28 sys=0.00, real=0.04 secs] 
2021-03-02T21:53:33.550-0800: 1.947: [Full GC (Ergonomics) [PSYoungGen: 76513K->63516K(89600K)] [ParOldGen: 101507K->101504K(102400K)] 178021K->165021K(192000K), [Metaspace: 4865K->4865K(1056768K)], 0.0312778 secs] [Times: user=0.23 sys=0.00, real=0.03 secs] 
2021-03-02T21:53:33.583-0800: 1.980: [Full GC (Ergonomics) [PSYoungGen: 76735K->66589K(89600K)] [ParOldGen: 101504K->101504K(102400K)] 178239K->168094K(192000K), [Metaspace: 4869K->4869K(1056768K)], 0.0291850 secs] [Times: user=0.23 sys=0.00, real=0.03 secs] 
2021-03-02T21:53:33.614-0800: 2.011: [Full GC (Ergonomics) [PSYoungGen: 76346K->63516K(89600K)] [ParOldGen: 101504K->101505K(102400K)] 177850K->165021K(192000K), [Metaspace: 4874K->4874K(1056768K)], 0.0263927 secs] [Times: user=0.20 sys=0.01, real=0.03 secs] 
2021-03-02T21:53:33.643-0800: 2.040: [Full GC (Ergonomics) [PSYoungGen: 76493K->56351K(89600K)] [ParOldGen: 101505K->101503K(102400K)] 177999K->157854K(192000K), [Metaspace: 4874K->4874K(1056768K)], 0.0239946 secs] [Times: user=0.18 sys=0.01, real=0.02 secs] 
2021-03-02T21:53:33.670-0800: 2.067: [Full GC (Ergonomics) [PSYoungGen: 76482K->50210K(89600K)] [ParOldGen: 101503K->101504K(102400K)] 177986K->151715K(192000K), [Metaspace: 4874K->4874K(1056768K)], 0.0346183 secs] [Times: user=0.27 sys=0.00, real=0.03 secs] 
2021-03-02T21:53:33.708-0800: 2.105: [Full GC (Ergonomics) [PSYoungGen: 76607K->48172K(89600K)] [ParOldGen: 101504K->101503K(102400K)] 178111K->149676K(192000K), [Metaspace: 4874K->4874K(1056768K)], 0.0214155 secs] [Times: user=0.16 sys=0.00, real=0.02 secs] 
2021-03-02T21:53:33.733-0800: 2.130: [Full GC (Ergonomics) [PSYoungGen: 76133K->42034K(89600K)] [ParOldGen: 101503K->101505K(102400K)] 177637K->143539K(192000K), [Metaspace: 4874K->4874K(1056768K)], 0.0222744 secs] [Times: user=0.16 sys=0.00, real=0.02 secs] 
2021-03-02T21:53:33.759-0800: 2.156: [Full GC (Ergonomics) [PSYoungGen: 76700K->36926K(89600K)] [ParOldGen: 101505K->101504K(102400K)] 178206K->138430K(192000K), [Metaspace: 4879K->4879K(1056768K)], 0.0185409 secs] [Times: user=0.13 sys=0.00, real=0.02 secs] 
2021-03-02T21:53:33.783-0800: 2.180: [Full GC (Ergonomics) [PSYoungGen: 76028K->27724K(89600K)] [ParOldGen: 101504K->101502K(102400K)] 177533K->129226K(192000K), [Metaspace: 4884K->4884K(1056768K)], 0.0332656 secs] [Times: user=0.22 sys=0.00, real=0.03 secs] 
2021-03-02T21:53:33.824-0800: 2.221: [Full GC (Ergonomics) [PSYoungGen: 76151K->15448K(89600K)] [ParOldGen: 101502K->101503K(102400K)] 177654K->116951K(192000K), [Metaspace: 4884K->4884K(1056768K)], 0.0199212 secs] [Times: user=0.12 sys=0.00, real=0.02 secs] 
2021-03-02T21:53:33.853-0800: 2.250: [Full GC (Ergonomics) [PSYoungGen: 76395K->8299K(89600K)] [ParOldGen: 101503K->101503K(102400K)] 177899K->109802K(192000K), [Metaspace: 4886K->4886K(1056768K)], 0.0212064 secs] [Times: user=0.12 sys=0.01, real=0.02 secs] 
2021-03-02T21:53:33.882-0800: 2.279: [Full GC (Ergonomics) [PSYoungGen: 76414K->0K(89600K)] [ParOldGen: 101503K->101634K(102400K)] 177918K->101634K(192000K), [Metaspace: 4888K->4888K(1056768K)], 0.0191372 secs] [Times: user=0.08 sys=0.01, real=0.02 secs] 
2021-03-02T21:53:33.910-0800: 2.307: [Full GC (Ergonomics) [PSYoungGen: 75921K->0K(89600K)] [ParOldGen: 101634K->90392K(102400K)] 177555K->90392K(192000K), [Metaspace: 4888K->4888K(1056768K)], 0.0185521 secs] [Times: user=0.09 sys=0.00, real=0.01 secs] 
2021-03-02T21:53:33.937-0800: 2.334: [Full GC (Ergonomics) [PSYoungGen: 76710K->0K(89600K)] [ParOldGen: 90392K->84275K(102400K)] 167103K->84275K(192000K), [Metaspace: 4888K->4888K(1056768K)], 0.0178733 secs] [Times: user=0.08 sys=0.01, real=0.02 secs] 
2021-03-02T21:53:33.963-0800: 2.360: [Full GC (Ergonomics) [PSYoungGen: 76553K->0K(89600K)] [ParOldGen: 84275K->80204K(102400K)] 160828K->80204K(192000K), [Metaspace: 4888K->4888K(1056768K)], 0.0183630 secs] [Times: user=0.08 sys=0.01, real=0.02 secs] 
2021-03-02T21:53:33.991-0800: 2.388: [Full GC (Ergonomics) [PSYoungGen: 76482K->0K(89600K)] [ParOldGen: 80204K->63839K(102400K)] 156687K->63839K(192000K), [Metaspace: 4890K->4890K(1056768K)], 0.0172822 secs] [Times: user=0.07 sys=0.01, real=0.01 secs] 
2021-03-02T21:53:34.017-0800: 2.414: [Full GC (Ergonomics) [PSYoungGen: 76377K->0K(89600K)] [ParOldGen: 63839K->55671K(102400K)] 140217K->55671K(192000K), [Metaspace: 4890K->4890K(1056768K)], 0.0143048 secs] [Times: user=0.05 sys=0.01, real=0.02 secs] 
2021-03-02T21:53:34.042-0800: 2.439: [Full GC (Ergonomics) [PSYoungGen: 76453K->0K(89600K)] [ParOldGen: 55671K->48527K(102400K)] 132124K->48527K(192000K), [Metaspace: 4890K->4890K(1056768K)], 0.0132332 secs] [Times: user=0.07 sys=0.01, real=0.01 secs] 
2021-03-02T21:53:34.067-0800: 2.464: [Full GC (Ergonomics) [PSYoungGen: 76262K->0K(89600K)] [ParOldGen: 48527K->49571K(102400K)] 124789K->49571K(192000K), [Metaspace: 4890K->4890K(1056768K)], 0.0177981 secs] [Times: user=0.07 sys=0.00, real=0.02 secs] 
2021-03-02T21:53:34.138-0800: 2.535: [Full GC (Ergonomics) [PSYoungGen: 76400K->0K(89600K)] [ParOldGen: 49571K->31139K(102400K)] 125971K->31139K(192000K), [Metaspace: 4890K->4890K(1056768K)], 0.0182230 secs] [Times: user=0.09 sys=0.01, real=0.02 secs] 
2021-03-02T21:53:34.234-0800: 2.631: [GC (Allocation Failure) [PSYoungGen: 76303K->192K(89600K)] 107443K->31331K(192000K), 0.0036415 secs] [Times: user=0.01 sys=0.01, real=0.00 secs] 
2021-03-02T21:53:34.333-0800: 2.730: [GC (Allocation Failure) [PSYoungGen: 76513K->256K(89600K)] 107653K->31395K(192000K), 0.0021133 secs] [Times: user=0.01 sys=0.00, real=0.00 secs] 
2021-03-02T21:53:34.354-0800: 2.751: [GC (Allocation Failure) [PSYoungGen: 76597K->288K(77312K)] 107737K->31427K(179712K), 0.0043032 secs] [Times: user=0.01 sys=0.00, real=0.00 secs] 
2021-03-02T21:53:34.435-0800: 2.832: [GC (Allocation Failure) [PSYoungGen: 76610K->192K(73216K)] 107750K->31331K(175616K), 0.0029191 secs] [Times: user=0.01 sys=0.00, real=0.00 secs] 
2021-03-02T21:53:34.444-0800: 2.840: [GC (Allocation Failure) [PSYoungGen: 47928K->256K(75264K)] 79068K->31395K(177664K), 0.0022869 secs] [Times: user=0.00 sys=0.00, real=0.00 secs] 
2021-03-02T21:53:34.538-0800: 2.935: [GC (Allocation Failure) [PSYoungGen: 48077K->192K(77824K)] 79217K->31331K(180224K), 0.0027604 secs] [Times: user=0.01 sys=0.00, real=0.01 secs] 
2021-03-02T21:53:34.548-0800: 2.945: [GC (Allocation Failure) [PSYoungGen: 52313K->224K(76800K)] 83453K->31363K(179200K), 0.0030947 secs] [Times: user=0.01 sys=0.00, real=0.01 secs] 
2021-03-02T21:53:34.631-0800: 3.028: [GC (Allocation Failure) [PSYoungGen: 52395K->192K(80384K)] 83535K->31331K(182784K), 0.0030819 secs] [Times: user=0.01 sys=0.01, real=0.00 secs] 
2021-03-02T21:53:34.640-0800: 3.037: [GC (Allocation Failure) [PSYoungGen: 56656K->1312K(79360K)] 87796K->32451K(181760K), 0.0022580 secs] [Times: user=0.01 sys=0.00, real=0.00 secs] 
2021-03-02T21:53:34.733-0800: 3.130: [GC (Allocation Failure) [PSYoungGen: 57800K->448K(82944K)] 88940K->31587K(185344K), 0.0013251 secs] [Times: user=0.00 sys=0.00, real=0.00 secs] 
2021-03-02T21:53:34.827-0800: 3.224: [GC (Allocation Failure) [PSYoungGen: 62227K->448K(81920K)] 93367K->31587K(184320K), 0.0010480 secs] [Times: user=0.01 sys=0.00, real=0.00 secs] 
2021-03-02T21:53:34.834-0800: 3.231: [GC (Allocation Failure) [PSYoungGen: 62275K->416K(84992K)] 93415K->31555K(187392K), 0.0010684 secs] [Times: user=0.00 sys=0.00, real=0.00 secs] 
2021-03-02T21:53:34.930-0800: 3.327: [GC (Allocation Failure) [PSYoungGen: 66413K->1440K(83968K)] 97553K->32579K(186368K), 0.0008302 secs] [Times: user=0.01 sys=0.00, real=0.00 secs] 
2021-03-02T21:53:34.936-0800: 3.333: [GC (Allocation Failure) [PSYoungGen: 67447K->1504K(87552K)] 98587K->32643K(189952K), 0.0011043 secs] [Times: user=0.00 sys=0.00, real=0.00 secs] 
2021-03-02T21:53:35.033-0800: 3.430: [GC (Allocation Failure) [PSYoungGen: 71798K->480K(86016K)] 102937K->31619K(188416K), 0.0011526 secs] [Times: user=0.01 sys=0.00, real=0.00 secs] 
2021-03-02T21:53:35.130-0800: 3.527: [GC (Allocation Failure) [PSYoungGen: 71644K->416K(89088K)] 102784K->31579K(191488K), 0.0010042 secs] [Times: user=0.00 sys=0.00, real=0.00 secs] 
2021-03-02T21:53:35.228-0800: 3.625: [GC (Allocation Failure) [PSYoungGen: 74771K->384K(88064K)] 105935K->31587K(190464K), 0.0010490 secs] [Times: user=0.00 sys=0.00, real=0.00 secs] 
2021-03-02T21:53:35.235-0800: 3.632: [GC (Allocation Failure) [PSYoungGen: 74726K->480K(90624K)] 105930K->31731K(193024K), 0.0010966 secs] [Times: user=0.00 sys=0.00, real=0.00 secs] 
2021-03-02T21:53:35.339-0800: 3.736: [GC (Allocation Failure) [PSYoungGen: 77982K->352K(89600K)] 109234K->31627K(192000K), 0.0009637 secs] [Times: user=0.00 sys=0.00, real=0.01 secs] 
2021-03-02T21:53:35.433-0800: 3.830: [GC (Allocation Failure) [PSYoungGen: 77830K->448K(92160K)] 109106K->31747K(194560K), 0.0016808 secs] [Times: user=0.00 sys=0.00, real=0.00 secs] 
2021-03-02T21:53:35.443-0800: 3.839: [GC (Allocation Failure) [PSYoungGen: 81158K->480K(91136K)] 112458K->31811K(193536K), 0.0009751 secs] [Times: user=0.00 sys=0.01, real=0.00 secs] 
2021-03-02T21:53:35.539-0800: 3.936: [GC (Allocation Failure) [PSYoungGen: 81118K->512K(93184K)] 112450K->31843K(195584K), 0.0011124 secs] [Times: user=0.00 sys=0.00, real=0.01 secs] 
2021-03-02T21:53:35.639-0800: 4.036: [GC (Allocation Failure) [PSYoungGen: 83226K->384K(92672K)] 114558K->31715K(195072K), 0.0010901 secs] [Times: user=0.00 sys=0.01, real=0.01 secs] 
2021-03-02T21:53:35.731-0800: 4.128: [GC (Allocation Failure) [PSYoungGen: 83051K->448K(94720K)] 114383K->31779K(197120K), 0.0013083 secs] [Times: user=0.00 sys=0.00, real=0.00 secs] 
2021-03-02T21:53:35.834-0800: 4.231: [GC (Allocation Failure) [PSYoungGen: 86309K->352K(93696K)] 117641K->31683K(196096K), 0.0013379 secs] [Times: user=0.00 sys=0.00, real=0.00 secs] 
2021-03-02T21:53:35.847-0800: 4.244: [GC (Allocation Failure) [PSYoungGen: 86262K->2528K(95232K)] 117594K->33859K(197632K), 0.0016601 secs] [Times: user=0.00 sys=0.00, real=0.00 secs] 
2021-03-02T21:53:35.937-0800: 4.334: [GC (Allocation Failure) [PSYoungGen: 90548K->2432K(95232K)] 121880K->33763K(197632K), 0.0009815 secs] [Times: user=0.00 sys=0.00, real=0.00 secs] 
2021-03-02T21:53:36.033-0800: 4.430: [GC (Allocation Failure) [PSYoungGen: 90425K->448K(95744K)] 121757K->31779K(198144K), 0.0008903 secs] [Times: user=0.00 sys=0.01, real=0.00 secs] 
2021-03-02T21:53:36.133-0800: 4.530: [GC (Allocation Failure) [PSYoungGen: 88286K->480K(95232K)] 119618K->31811K(197632K), 0.0009381 secs] [Times: user=0.01 sys=0.00, real=0.00 secs] 
2021-03-02T21:53:36.233-0800: 4.630: [GC (Allocation Failure) [PSYoungGen: 88371K->416K(96256K)] 119703K->31747K(198656K), 0.0011429 secs] [Times: user=0.00 sys=0.00, real=0.00 secs] 
2021-03-02T21:53:36.332-0800: 4.729: [GC (Allocation Failure) [PSYoungGen: 90480K->448K(96256K)] 121812K->31779K(198656K), 0.0013774 secs] [Times: user=0.00 sys=0.01, real=0.00 secs] 
2021-03-02T21:53:36.433-0800: 4.830: [GC (Allocation Failure) [PSYoungGen: 90488K->384K(97280K)] 121820K->31715K(199680K), 0.0017987 secs] [Times: user=0.01 sys=0.00, real=0.00 secs] 
2021-03-02T21:53:36.443-0800: 4.840: [GC (Allocation Failure) [PSYoungGen: 91469K->512K(96768K)] 122801K->31843K(199168K), 0.0009179 secs] [Times: user=0.00 sys=0.01, real=0.00 secs] 
2021-03-02T21:53:36.537-0800: 4.934: [GC (Allocation Failure) [PSYoungGen: 91563K->512K(97792K)] 122895K->31843K(200192K), 0.0011656 secs] [Times: user=0.00 sys=0.01, real=0.00 secs] 
2021-03-02T21:53:36.634-0800: 5.031: [GC (Allocation Failure) [PSYoungGen: 92607K->480K(97280K)] 123939K->31811K(199680K), 0.0011173 secs] [Times: user=0.00 sys=0.00, real=0.00 secs] 
2021-03-02T21:53:36.733-0800: 5.130: [GC (Allocation Failure) [PSYoungGen: 92530K->448K(98304K)] 123862K->31779K(200704K), 0.0011304 secs] [Times: user=0.00 sys=0.00, real=0.00 secs] 
2021-03-02T21:53:36.830-0800: 5.227: [GC (Allocation Failure) [PSYoungGen: 93567K->448K(97792K)] 124899K->31779K(200192K), 0.0010241 secs] [Times: user=0.01 sys=0.00, real=0.00 secs] 
2021-03-02T21:53:36.931-0800: 5.327: [GC (Allocation Failure) [PSYoungGen: 93567K->480K(98816K)] 124899K->31811K(201216K), 0.0008763 secs] [Times: user=0.00 sys=0.00, real=0.00 secs] 
2021-03-02T21:53:37.029-0800: 5.426: [GC (Allocation Failure) [PSYoungGen: 94711K->1408K(98304K)] 126043K->32739K(200704K), 0.0010173 secs] [Times: user=0.00 sys=0.00, real=0.01 secs] 
2021-03-02T21:53:37.130-0800: 5.527: [GC (Allocation Failure) [PSYoungGen: 95661K->416K(98816K)] 126993K->31747K(201216K), 0.0017758 secs] [Times: user=0.00 sys=0.00, real=0.00 secs] 
2021-03-02T21:53:37.231-0800: 5.628: [GC (Allocation Failure) [PSYoungGen: 94635K->416K(98816K)] 125967K->31747K(201216K), 0.0016167 secs] [Times: user=0.00 sys=0.00, real=0.00 secs] 
2021-03-02T21:53:37.241-0800: 5.638: [GC (Allocation Failure) [PSYoungGen: 94635K->416K(99328K)] 125967K->31747K(201728K), 0.0009888 secs] [Times: user=0.00 sys=0.00, real=0.00 secs] 
2021-03-02T21:53:37.336-0800: 5.733: [GC (Allocation Failure) [PSYoungGen: 95681K->480K(99328K)] 127013K->31811K(201728K), 0.0010218 secs] [Times: user=0.01 sys=0.00, real=0.00 secs] 
2021-03-02T21:53:37.439-0800: 5.836: [GC (Allocation Failure) [PSYoungGen: 96723K->416K(99840K)] 128055K->31747K(202240K), 0.0009688 secs] [Times: user=0.01 sys=0.00, real=0.01 secs] 
2021-03-02T21:53:37.539-0800: 5.936: [GC (Allocation Failure) [PSYoungGen: 96668K->416K(99328K)] 128000K->31747K(201728K), 0.0010290 secs] [Times: user=0.01 sys=0.00, real=0.01 secs] 
2021-03-02T21:53:37.641-0800: 6.038: [GC (Allocation Failure) [PSYoungGen: 96647K->448K(99840K)] 127979K->31779K(202240K), 0.0012658 secs] [Times: user=0.01 sys=0.00, real=0.00 secs] 
2021-03-02T21:53:37.735-0800: 6.132: [GC (Allocation Failure) [PSYoungGen: 97713K->480K(99840K)] 129045K->31811K(202240K), 0.0010221 secs] [Times: user=0.00 sys=0.00, real=0.00 secs] 
2021-03-02T21:53:37.837-0800: 6.234: [GC (Allocation Failure) [PSYoungGen: 97745K->384K(100352K)] 129077K->31715K(202752K), 0.0012152 secs] [Times: user=0.00 sys=0.00, real=0.00 secs] 
2021-03-02T21:53:37.934-0800: 6.331: [GC (Allocation Failure) [PSYoungGen: 97659K->416K(99840K)] 128991K->31747K(202240K), 0.0013235 secs] [Times: user=0.01 sys=0.00, real=0.00 secs] 
2021-03-02T21:53:38.035-0800: 6.432: [GC (Allocation Failure) [PSYoungGen: 97691K->480K(100352K)] 129023K->31811K(202752K), 0.0019204 secs] [Times: user=0.00 sys=0.01, real=0.00 secs] 
2021-03-02T21:53:38.131-0800: 6.528: [GC (Allocation Failure) [PSYoungGen: 97789K->448K(100352K)] 129121K->31779K(202752K), 0.0011378 secs] [Times: user=0.00 sys=0.00, real=0.00 secs] 
2021-03-02T21:53:38.232-0800: 6.629: [GC (Allocation Failure) [PSYoungGen: 97744K->448K(100352K)] 129076K->31779K(202752K), 0.0014425 secs] [Times: user=0.00 sys=0.00, real=0.00 secs] 
2021-03-02T21:53:38.332-0800: 6.729: [GC (Allocation Failure) [PSYoungGen: 97755K->416K(100352K)] 129087K->31747K(202752K), 0.0012005 secs] [Times: user=0.01 sys=0.01, real=0.00 secs] 
2021-03-02T21:53:38.434-0800: 6.831: [GC (Allocation Failure) [PSYoungGen: 97792K->416K(100864K)] 129124K->31747K(203264K), 0.0011978 secs] [Times: user=0.00 sys=0.00, real=0.00 secs] 
2021-03-02T21:53:38.447-0800: 6.844: [GC (Allocation Failure) [PSYoungGen: 98848K->1504K(100864K)] 130180K->32835K(203264K), 0.0010081 secs] [Times: user=0.00 sys=0.00, real=0.00 secs] 
2021-03-02T21:53:38.543-0800: 6.940: [GC (Allocation Failure) [PSYoungGen: 99903K->448K(99840K)] 131235K->31779K(202240K), 0.0011781 secs] [Times: user=0.01 sys=0.00, real=0.00 secs] 
2021-03-02T21:53:38.642-0800: 7.039: [GC (Allocation Failure) [PSYoungGen: 97736K->448K(100352K)] 129068K->31779K(202752K), 0.0011776 secs] [Times: user=0.00 sys=0.00, real=0.00 secs] 
2021-03-02T21:53:38.736-0800: 7.133: [GC (Allocation Failure) [PSYoungGen: 98738K->448K(100864K)] 130070K->31803K(203264K), 0.0011549 secs] [Times: user=0.00 sys=0.00, real=0.00 secs] 
2021-03-02T21:53:38.844-0800: 7.241: [GC (Allocation Failure) [PSYoungGen: 99771K->416K(100864K)] 131127K->31771K(203264K), 0.0014740 secs] [Times: user=0.00 sys=0.01, real=0.00 secs] 
2021-03-02T21:53:38.937-0800: 7.334: [GC (Allocation Failure) [PSYoungGen: 98726K->448K(100864K)] 130081K->31803K(203264K), 0.0011020 secs] [Times: user=0.01 sys=0.00, real=0.00 secs] 
2021-03-02T21:53:39.037-0800: 7.434: [GC (Allocation Failure) [PSYoungGen: 98800K->480K(100864K)] 130156K->31835K(203264K), 0.0010972 secs] [Times: user=0.00 sys=0.00, real=0.00 secs] 
2021-03-02T21:53:39.137-0800: 7.534: [GC (Allocation Failure) [PSYoungGen: 99804K->1440K(100864K)] 131160K->34843K(203264K), 0.0018832 secs] [Times: user=0.01 sys=0.00, real=0.00 secs] 
2021-03-02T21:53:39.237-0800: 7.634: [GC (Allocation Failure) [PSYoungGen: 99833K->448K(100864K)] 133237K->33851K(203264K), 0.0012978 secs] [Times: user=0.00 sys=0.01, real=0.00 secs] 
2021-03-02T21:53:39.334-0800: 7.730: [GC (Allocation Failure) [PSYoungGen: 98758K->480K(100864K)] 132162K->33883K(203264K), 0.0012115 secs] [Times: user=0.01 sys=0.00, real=0.00 secs] 
2021-03-02T21:53:39.437-0800: 7.834: [GC (Allocation Failure) [PSYoungGen: 98811K->416K(100864K)] 132215K->33819K(203264K), 0.0014472 secs] [Times: user=0.01 sys=0.00, real=0.00 secs] 
2021-03-02T21:53:39.535-0800: 7.932: [GC (Allocation Failure) [PSYoungGen: 98746K->416K(100864K)] 132150K->33819K(203264K), 0.0013780 secs] [Times: user=0.01 sys=0.00, real=0.00 secs] 
2021-03-02T21:53:39.635-0800: 8.032: [GC (Allocation Failure) [PSYoungGen: 98757K->480K(100864K)] 132161K->33883K(203264K), 0.0012640 secs] [Times: user=0.00 sys=0.00, real=0.00 secs] 
2021-03-02T21:53:39.735-0800: 8.132: [GC (Allocation Failure) [PSYoungGen: 98844K->1472K(100864K)] 132248K->34875K(203264K), 0.0022283 secs] [Times: user=0.00 sys=0.00, real=0.00 secs] 
2021-03-02T21:53:39.828-0800: 8.225: [GC (Allocation Failure) [PSYoungGen: 99893K->416K(100864K)] 133297K->33835K(203264K), 0.0009947 secs] [Times: user=0.00 sys=0.00, real=0.00 secs] 
2021-03-02T21:53:39.930-0800: 8.327: [GC (Allocation Failure) [PSYoungGen: 98827K->448K(100864K)] 132247K->33867K(203264K), 0.0014426 secs] [Times: user=0.01 sys=0.00, real=0.00 secs] 
2021-03-02T21:53:40.028-0800: 8.425: [GC (Allocation Failure) [PSYoungGen: 98881K->384K(100864K)] 132301K->33803K(203264K), 0.0019718 secs] [Times: user=0.01 sys=0.00, real=0.01 secs] 
2021-03-02T21:53:40.039-0800: 8.436: [GC (Allocation Failure) [PSYoungGen: 98866K->416K(100864K)] 132286K->33835K(203264K), 0.0012001 secs] [Times: user=0.00 sys=0.00, real=0.01 secs] 
2021-03-02T21:53:40.142-0800: 8.539: [GC (Allocation Failure) [PSYoungGen: 98831K->480K(100864K)] 132251K->33899K(203264K), 0.0011661 secs] [Times: user=0.01 sys=0.00, real=0.00 secs] 
2021-03-02T21:53:40.235-0800: 8.632: [GC (Allocation Failure) [PSYoungGen: 98846K->512K(100864K)] 132266K->33931K(203264K), 0.0010684 secs] [Times: user=0.01 sys=0.00, real=0.00 secs] 
2021-03-02T21:53:40.339-0800: 8.736: [GC (Allocation Failure) [PSYoungGen: 98854K->448K(100864K)] 132274K->33867K(203264K), 0.0009004 secs] [Times: user=0.00 sys=0.00, real=0.01 secs] 
2021-03-02T21:53:40.438-0800: 8.835: [GC (Allocation Failure) [PSYoungGen: 98789K->480K(100864K)] 132209K->33899K(203264K), 0.0010497 secs] [Times: user=0.00 sys=0.00, real=0.00 secs] 
2021-03-02T21:53:40.536-0800: 8.933: [GC (Allocation Failure) [PSYoungGen: 98801K->1504K(100864K)] 132221K->34923K(203264K), 0.0010848 secs] [Times: user=0.00 sys=0.00, real=0.00 secs] 
2021-03-02T21:53:40.639-0800: 9.036: [GC (Allocation Failure) [PSYoungGen: 99835K->480K(100864K)] 133255K->33899K(203264K), 0.0010926 secs] [Times: user=0.01 sys=0.00, real=0.01 secs] 
2021-03-02T21:53:40.737-0800: 9.134: [GC (Allocation Failure) [PSYoungGen: 98820K->480K(100864K)] 132240K->33899K(203264K), 0.0010482 secs] [Times: user=0.00 sys=0.00, real=0.00 secs] 
2021-03-02T21:53:40.838-0800: 9.235: [GC (Allocation Failure) [PSYoungGen: 98821K->448K(100864K)] 132241K->33867K(203264K), 0.0016480 secs] [Times: user=0.01 sys=0.00, real=0.01 secs] 
2021-03-02T21:53:40.935-0800: 9.332: [GC (Allocation Failure) [PSYoungGen: 98812K->480K(100864K)] 132232K->33899K(203264K), 0.0013166 secs] [Times: user=0.01 sys=0.01, real=0.00 secs] 
2021-03-02T21:53:41.032-0800: 9.429: [GC (Allocation Failure) [PSYoungGen: 98889K->480K(100864K)] 132309K->33899K(203264K), 0.0012778 secs] [Times: user=0.00 sys=0.00, real=0.00 secs] 
2021-03-02T21:53:41.135-0800: 9.532: [GC (Allocation Failure) [PSYoungGen: 98914K->416K(100864K)] 132334K->33835K(203264K), 0.0011419 secs] [Times: user=0.00 sys=0.00, real=0.00 secs] 
2021-03-02T21:53:41.231-0800: 9.628: [GC (Allocation Failure) [PSYoungGen: 98850K->416K(100864K)] 132270K->33835K(203264K), 0.0015693 secs] [Times: user=0.00 sys=0.00, real=0.00 secs] 
2021-03-02T21:53:41.333-0800: 9.730: [GC (Allocation Failure) [PSYoungGen: 98874K->416K(100864K)] 132294K->33835K(203264K), 0.0016283 secs] [Times: user=0.01 sys=0.01, real=0.00 secs] 
2021-03-02T21:53:41.430-0800: 9.827: [GC (Allocation Failure) [PSYoungGen: 98874K->416K(101376K)] 132294K->33835K(203776K), 0.0014920 secs] [Times: user=0.00 sys=0.00, real=0.00 secs] 
2021-03-02T21:53:41.532-0800: 9.929: [GC (Allocation Failure) [PSYoungGen: 99910K->416K(100864K)] 133330K->34859K(203264K), 0.0013347 secs] [Times: user=0.01 sys=0.00, real=0.00 secs] 
2021-03-02T21:53:41.633-0800: 10.030: [GC (Allocation Failure) [PSYoungGen: 99944K->416K(101376K)] 134388K->34859K(203776K), 0.0017302 secs] [Times: user=0.00 sys=0.00, real=0.00 secs] 
2021-03-02T21:53:41.644-0800: 10.041: [GC (Allocation Failure) [PSYoungGen: 99895K->480K(101376K)] 134339K->35947K(203776K), 0.0010861 secs] [Times: user=0.00 sys=0.01, real=0.00 secs] 
2021-03-02T21:53:41.737-0800: 10.134: [GC (Allocation Failure) [PSYoungGen: 99926K->480K(101376K)] 135394K->35947K(203776K), 0.0010769 secs] [Times: user=0.00 sys=0.00, real=0.00 secs] 
2021-03-02T21:53:41.839-0800: 10.236: [GC (Allocation Failure) [PSYoungGen: 99870K->448K(101376K)] 135338K->35915K(203776K), 0.0010818 secs] [Times: user=0.00 sys=0.00, real=0.01 secs] 
2021-03-02T21:53:41.943-0800: 10.340: [GC (Allocation Failure) [PSYoungGen: 99815K->448K(101376K)] 135283K->35915K(203776K), 0.0013081 secs] [Times: user=0.01 sys=0.01, real=0.00 secs] 
2021-03-02T21:53:42.036-0800: 10.433: [GC (Allocation Failure) [PSYoungGen: 99812K->480K(101376K)] 135280K->37996K(203776K), 0.0010854 secs] [Times: user=0.00 sys=0.01, real=0.00 secs] 
2021-03-02T21:53:42.140-0800: 10.537: [GC (Allocation Failure) [PSYoungGen: 99846K->416K(101376K)] 137362K->37932K(203776K), 0.0010632 secs] [Times: user=0.00 sys=0.00, real=0.00 secs] 
2021-03-02T21:53:42.237-0800: 10.634: [GC (Allocation Failure) [PSYoungGen: 99762K->416K(101376K)] 137278K->37932K(203776K), 0.0009065 secs] [Times: user=0.00 sys=0.00, real=0.00 secs] 
2021-03-02T21:53:42.338-0800: 10.735: [GC (Allocation Failure) [PSYoungGen: 99759K->448K(101376K)] 137275K->37964K(203776K), 0.0012763 secs] [Times: user=0.01 sys=0.00, real=0.01 secs] 
2021-03-02T21:53:42.437-0800: 10.834: [GC (Allocation Failure) [PSYoungGen: 99815K->416K(101376K)] 137331K->37932K(203776K), 0.0011573 secs] [Times: user=0.00 sys=0.01, real=0.00 secs] 
2021-03-02T21:53:42.538-0800: 10.935: [GC (Allocation Failure) [PSYoungGen: 99802K->416K(101376K)] 137318K->37932K(203776K), 0.0011227 secs] [Times: user=0.00 sys=0.01, real=0.00 secs] 
2021-03-02T21:53:42.638-0800: 11.035: [GC (Allocation Failure) [PSYoungGen: 99824K->384K(101376K)] 137340K->37900K(203776K), 0.0014518 secs] [Times: user=0.00 sys=0.00, real=0.00 secs] 
2021-03-02T21:53:42.732-0800: 11.129: [GC (Allocation Failure) [PSYoungGen: 99796K->416K(101376K)] 137312K->37932K(203776K), 0.0012642 secs] [Times: user=0.00 sys=0.00, real=0.00 secs] 
2021-03-02T21:53:42.831-0800: 11.228: [GC (Allocation Failure) [PSYoungGen: 99870K->416K(101376K)] 137386K->37932K(203776K), 0.0013103 secs] [Times: user=0.00 sys=0.00, real=0.00 secs] 
2021-03-02T21:53:42.936-0800: 11.333: [GC (Allocation Failure) [PSYoungGen: 99871K->448K(101376K)] 137387K->37964K(203776K), 0.0015739 secs] [Times: user=0.00 sys=0.01, real=0.00 secs] 
2021-03-02T21:53:43.030-0800: 11.427: [GC (Allocation Failure) [PSYoungGen: 99881K->416K(101376K)] 137397K->37932K(203776K), 0.0013593 secs] [Times: user=0.01 sys=0.00, real=0.00 secs] 
2021-03-02T21:53:43.134-0800: 11.531: [GC (Allocation Failure) [PSYoungGen: 99850K->416K(101376K)] 137366K->37932K(203776K), 0.0013939 secs] [Times: user=0.01 sys=0.00, real=0.00 secs] 
2021-03-02T21:53:43.231-0800: 11.628: [GC (Allocation Failure) [PSYoungGen: 99870K->416K(101376K)] 137386K->37932K(203776K), 0.0013142 secs] [Times: user=0.00 sys=0.01, real=0.00 secs] 
2021-03-02T21:53:43.330-0800: 11.727: [GC (Allocation Failure) [PSYoungGen: 99896K->416K(101376K)] 137412K->37932K(203776K), 0.0009903 secs] [Times: user=0.01 sys=0.00, real=0.00 secs] 
2021-03-02T21:53:43.432-0800: 11.829: [GC (Allocation Failure) [PSYoungGen: 99900K->416K(101376K)] 137416K->37932K(203776K), 0.0010699 secs] [Times: user=0.00 sys=0.00, real=0.00 secs] 
2021-03-02T21:53:43.532-0800: 11.929: [GC (Allocation Failure) [PSYoungGen: 99900K->416K(101376K)] 137416K->37932K(203776K), 0.0013922 secs] [Times: user=0.00 sys=0.00, real=0.00 secs] 
2021-03-02T21:53:43.543-0800: 11.940: [GC (Allocation Failure) [PSYoungGen: 99924K->480K(101376K)] 137440K->39020K(203776K), 0.0010541 secs] [Times: user=0.00 sys=0.00, real=0.00 secs] 
2021-03-02T21:53:43.642-0800: 12.039: [GC (Allocation Failure) [PSYoungGen: 99932K->480K(101376K)] 138472K->39020K(203776K), 0.0009808 secs] [Times: user=0.00 sys=0.01, real=0.00 secs] 
2021-03-02T21:53:43.743-0800: 12.140: [GC (Allocation Failure) [PSYoungGen: 99873K->448K(101376K)] 138413K->38988K(203776K), 0.0011098 secs] [Times: user=0.01 sys=0.00, real=0.00 secs] 
2021-03-02T21:53:43.837-0800: 12.234: [GC (Allocation Failure) [PSYoungGen: 99842K->480K(101376K)] 138382K->39020K(203776K), 0.0010806 secs] [Times: user=0.00 sys=0.01, real=0.00 secs] 
2021-03-02T21:53:43.935-0800: 12.332: [GC (Allocation Failure) [PSYoungGen: 99872K->480K(101376K)] 138412K->39020K(203776K), 0.0011903 secs] [Times: user=0.00 sys=0.00, real=0.00 secs] 
2021-03-02T21:53:44.040-0800: 12.437: [GC (Allocation Failure) [PSYoungGen: 99851K->480K(101376K)] 138391K->40044K(203776K), 0.0011507 secs] [Times: user=0.00 sys=0.00, real=0.00 secs] 
2021-03-02T21:53:44.138-0800: 12.535: [GC (Allocation Failure) [PSYoungGen: 99861K->416K(101376K)] 139425K->39980K(203776K), 0.0011519 secs] [Times: user=0.00 sys=0.01, real=0.01 secs] 
2021-03-02T21:53:44.232-0800: 12.629: [GC (Allocation Failure) [PSYoungGen: 99786K->384K(101376K)] 139350K->39948K(203776K), 0.0008407 secs] [Times: user=0.00 sys=0.01, real=0.00 secs] 
2021-03-02T21:53:44.337-0800: 12.734: [GC (Allocation Failure) [PSYoungGen: 99800K->448K(101376K)] 139364K->42060K(203776K), 0.0024876 secs] [Times: user=0.01 sys=0.00, real=0.01 secs] 
2021-03-02T21:53:44.431-0800: 12.828: [GC (Allocation Failure) [PSYoungGen: 99884K->480K(101376K)] 141497K->42092K(203776K), 0.0009872 secs] [Times: user=0.00 sys=0.00, real=0.00 secs] 
2021-03-02T21:53:44.537-0800: 12.934: [GC (Allocation Failure) [PSYoungGen: 99895K->480K(101376K)] 141507K->43116K(203776K), 0.0012442 secs] [Times: user=0.00 sys=0.00, real=0.00 secs] 
2021-03-02T21:53:44.640-0800: 13.036: [GC (Allocation Failure) [PSYoungGen: 99884K->416K(101376K)] 142520K->43052K(203776K), 0.0014069 secs] [Times: user=0.00 sys=0.00, real=0.00 secs] 
2021-03-02T21:53:44.733-0800: 13.130: [GC (Allocation Failure) [PSYoungGen: 99808K->480K(101376K)] 142444K->43116K(203776K), 0.0011259 secs] [Times: user=0.01 sys=0.00, real=0.00 secs] 
2021-03-02T21:53:44.837-0800: 13.234: [GC (Allocation Failure) [PSYoungGen: 99894K->384K(101376K)] 142530K->43020K(203776K), 0.0011523 secs] [Times: user=0.00 sys=0.00, real=0.00 secs] 
2021-03-02T21:53:44.931-0800: 13.328: [GC (Allocation Failure) [PSYoungGen: 99821K->416K(101376K)] 142457K->43052K(203776K), 0.0013267 secs] [Times: user=0.01 sys=0.01, real=0.00 secs] 
2021-03-02T21:53:45.032-0800: 13.429: [GC (Allocation Failure) [PSYoungGen: 99854K->448K(101376K)] 142490K->45132K(203776K), 0.0013885 secs] [Times: user=0.01 sys=0.00, real=0.00 secs] 
2021-03-02T21:53:45.134-0800: 13.531: [GC (Allocation Failure) [PSYoungGen: 99932K->384K(101376K)] 144616K->45068K(203776K), 0.0011749 secs] [Times: user=0.00 sys=0.00, real=0.00 secs] 
2021-03-02T21:53:45.234-0800: 13.631: [GC (Allocation Failure) [PSYoungGen: 99845K->448K(101376K)] 144529K->45132K(203776K), 0.0020116 secs] [Times: user=0.00 sys=0.00, real=0.00 secs] 
2021-03-02T21:53:45.334-0800: 13.731: [GC (Allocation Failure) [PSYoungGen: 99956K->448K(101376K)] 144640K->45132K(203776K), 0.0018703 secs] [Times: user=0.00 sys=0.00, real=0.00 secs] 
2021-03-02T21:53:45.430-0800: 13.826: [GC (Allocation Failure) [PSYoungGen: 99933K->480K(101376K)] 144617K->45164K(203776K), 0.0021310 secs] [Times: user=0.01 sys=0.00, real=0.00 secs] 
2021-03-02T21:53:45.441-0800: 13.838: [GC (Allocation Failure) [PSYoungGen: 99988K->448K(101376K)] 144672K->47180K(203776K), 0.0009906 secs] [Times: user=0.01 sys=0.01, real=0.00 secs] 
2021-03-02T21:53:45.541-0800: 13.938: [GC (Allocation Failure) [PSYoungGen: 99911K->480K(101376K)] 146643K->47212K(203776K), 0.0011764 secs] [Times: user=0.01 sys=0.00, real=0.00 secs] 
2021-03-02T21:53:45.643-0800: 14.040: [GC (Allocation Failure) [PSYoungGen: 99875K->416K(101376K)] 146607K->47148K(203776K), 0.0011410 secs] [Times: user=0.01 sys=0.00, real=0.00 secs] 
2021-03-02T21:53:45.736-0800: 14.133: [GC (Allocation Failure) [PSYoungGen: 99808K->416K(101376K)] 146541K->47148K(203776K), 0.0010773 secs] [Times: user=0.01 sys=0.01, real=0.00 secs] 
2021-03-02T21:53:45.843-0800: 14.240: [GC (Allocation Failure) [PSYoungGen: 99787K->480K(101376K)] 146519K->47212K(203776K), 0.0013172 secs] [Times: user=0.01 sys=0.01, real=0.00 secs] 
2021-03-02T21:53:45.938-0800: 14.335: [GC (Allocation Failure) [PSYoungGen: 99852K->480K(101376K)] 146584K->47212K(203776K), 0.0012968 secs] [Times: user=0.01 sys=0.00, real=0.01 secs] 
2021-03-02T21:53:46.035-0800: 14.432: [GC (Allocation Failure) [PSYoungGen: 99850K->480K(101376K)] 146582K->47212K(203776K), 0.0010802 secs] [Times: user=0.00 sys=0.01, real=0.00 secs] 
2021-03-02T21:53:46.137-0800: 14.534: [GC (Allocation Failure) [PSYoungGen: 99872K->448K(101376K)] 146604K->47180K(203776K), 0.0010653 secs] [Times: user=0.00 sys=0.00, real=0.00 secs] 
2021-03-02T21:53:46.234-0800: 14.631: [GC (Allocation Failure) [PSYoungGen: 100116K->416K(101376K)] 146848K->47156K(203776K), 0.0010245 secs] [Times: user=0.00 sys=0.00, real=0.00 secs] 
2021-03-02T21:53:46.339-0800: 14.736: [GC (Allocation Failure) [PSYoungGen: 99810K->448K(101376K)] 146551K->47188K(203776K), 0.0011982 secs] [Times: user=0.00 sys=0.01, real=0.01 secs] 
2021-03-02T21:53:46.439-0800: 14.836: [GC (Allocation Failure) [PSYoungGen: 99840K->448K(101376K)] 146581K->47188K(203776K), 0.0017891 secs] [Times: user=0.00 sys=0.00, real=0.01 secs] 
2021-03-02T21:53:46.537-0800: 14.934: [GC (Allocation Failure) [PSYoungGen: 99842K->448K(101888K)] 146583K->47188K(204288K), 0.0012041 secs] [Times: user=0.00 sys=0.00, real=0.00 secs] 
2021-03-02T21:53:46.632-0800: 15.029: [GC (Allocation Failure) [PSYoungGen: 100940K->480K(101376K)] 147680K->47220K(203776K), 0.0015235 secs] [Times: user=0.00 sys=0.01, real=0.00 secs] 
2021-03-02T21:53:46.737-0800: 15.134: [GC (Allocation Failure) [PSYoungGen: 100976K->448K(101888K)] 147716K->47188K(204288K), 0.0014780 secs] [Times: user=0.01 sys=0.00, real=0.00 secs] 
2021-03-02T21:53:46.837-0800: 15.234: [GC (Allocation Failure) [PSYoungGen: 100920K->416K(101376K)] 147660K->47156K(203776K), 0.0014993 secs] [Times: user=0.01 sys=0.01, real=0.00 secs] 
2021-03-02T21:53:46.933-0800: 15.330: [GC (Allocation Failure) [PSYoungGen: 100889K->384K(100864K)] 147629K->47124K(203264K), 0.0012228 secs] [Times: user=0.01 sys=0.00, real=0.00 secs] 
2021-03-02T21:53:47.030-0800: 15.427: [GC (Allocation Failure) [PSYoungGen: 99799K->448K(101376K)] 146539K->47188K(203776K), 0.0018345 secs] [Times: user=0.01 sys=0.00, real=0.00 secs] 
2021-03-02T21:53:47.131-0800: 15.528: [GC (Allocation Failure) [PSYoungGen: 99887K->416K(101888K)] 146627K->47156K(204288K), 0.0011900 secs] [Times: user=0.01 sys=0.00, real=0.00 secs] 
2021-03-02T21:53:47.230-0800: 15.627: [GC (Allocation Failure) [PSYoungGen: 100995K->448K(101888K)] 147735K->47188K(204288K), 0.0011905 secs] [Times: user=0.00 sys=0.00, real=0.00 secs] 
2021-03-02T21:53:47.330-0800: 15.727: [GC (Allocation Failure) [PSYoungGen: 101028K->448K(101888K)] 147768K->47188K(204288K), 0.0016826 secs] [Times: user=0.00 sys=0.00, real=0.00 secs] 
2021-03-02T21:53:47.430-0800: 15.827: [GC (Allocation Failure) [PSYoungGen: 101055K->448K(101888K)] 147795K->47188K(204288K), 0.0017507 secs] [Times: user=0.01 sys=0.00, real=0.00 secs] 
2021-03-02T21:53:47.531-0800: 15.928: [GC (Allocation Failure) [PSYoungGen: 101050K->352K(101888K)] 147790K->47092K(204288K), 0.0017018 secs] [Times: user=0.01 sys=0.01, real=0.00 secs] 
2021-03-02T21:53:47.542-0800: 15.939: [GC (Allocation Failure) [PSYoungGen: 100908K->480K(101888K)] 147648K->47220K(204288K), 0.0011418 secs] [Times: user=0.01 sys=0.00, real=0.00 secs] 
2021-03-02T21:53:47.637-0800: 16.034: [GC (Allocation Failure) [PSYoungGen: 100967K->480K(100864K)] 147707K->47228K(203264K), 0.0011087 secs] [Times: user=0.00 sys=0.00, real=0.00 secs] 
2021-03-02T21:53:47.738-0800: 16.135: [GC (Allocation Failure) [PSYoungGen: 99873K->480K(101376K)] 146621K->47228K(203776K), 0.0010624 secs] [Times: user=0.00 sys=0.00, real=0.00 secs] 
2021-03-02T21:53:47.845-0800: 16.242: [GC (Allocation Failure) [PSYoungGen: 99851K->416K(101376K)] 146599K->47164K(203776K), 0.0011935 secs] [Times: user=0.00 sys=0.00, real=0.00 secs] 
2021-03-02T21:53:47.938-0800: 16.335: [GC (Allocation Failure) [PSYoungGen: 99786K->448K(101376K)] 146534K->47196K(203776K), 0.0011987 secs] [Times: user=0.00 sys=0.00, real=0.00 secs] 
2021-03-02T21:53:48.036-0800: 16.433: [GC (Allocation Failure) [PSYoungGen: 99818K->480K(101376K)] 146566K->48252K(203776K), 0.0012830 secs] [Times: user=0.01 sys=0.00, real=0.00 secs] 
2021-03-02T21:53:48.139-0800: 16.536: [GC (Allocation Failure) [PSYoungGen: 99861K->480K(101376K)] 147633K->48252K(203776K), 0.0011710 secs] [Times: user=0.00 sys=0.00, real=0.01 secs] 
2021-03-02T21:53:48.239-0800: 16.636: [GC (Allocation Failure) [PSYoungGen: 99852K->416K(101376K)] 147624K->48188K(203776K), 0.0011538 secs] [Times: user=0.01 sys=0.00, real=0.01 secs] 
2021-03-02T21:53:48.336-0800: 16.733: [GC (Allocation Failure) [PSYoungGen: 99786K->480K(101376K)] 147558K->48252K(203776K), 0.0012010 secs] [Times: user=0.00 sys=0.00, real=0.00 secs] 
2021-03-02T21:53:48.441-0800: 16.838: [GC (Allocation Failure) [PSYoungGen: 99850K->448K(101376K)] 147622K->48220K(203776K), 0.0014007 secs] [Times: user=0.00 sys=0.01, real=0.00 secs] 
2021-03-02T21:53:48.537-0800: 16.934: [GC (Allocation Failure) [PSYoungGen: 99840K->416K(101376K)] 147612K->48188K(203776K), 0.0013799 secs] [Times: user=0.00 sys=0.00, real=0.00 secs] 
2021-03-02T21:53:48.634-0800: 17.031: [GC (Allocation Failure) [PSYoungGen: 99830K->448K(101376K)] 147602K->49244K(203776K), 0.0012556 secs] [Times: user=0.00 sys=0.00, real=0.00 secs] 
2021-03-02T21:53:48.731-0800: 17.128: [GC (Allocation Failure) [PSYoungGen: 99874K->480K(101376K)] 148670K->49276K(203776K), 0.0014007 secs] [Times: user=0.00 sys=0.00, real=0.00 secs] 
2021-03-02T21:53:48.833-0800: 17.230: [GC (Allocation Failure) [PSYoungGen: 99873K->448K(101376K)] 148669K->49244K(203776K), 0.0013361 secs] [Times: user=0.00 sys=0.00, real=0.00 secs] 
2021-03-02T21:53:48.936-0800: 17.333: [GC (Allocation Failure) [PSYoungGen: 99840K->416K(101376K)] 148637K->49212K(203776K), 0.0013248 secs] [Times: user=0.01 sys=0.00, real=0.00 secs] 
2021-03-02T21:53:49.032-0800: 17.429: [GC (Allocation Failure) [PSYoungGen: 99875K->416K(101376K)] 148671K->49212K(203776K), 0.0013821 secs] [Times: user=0.00 sys=0.01, real=0.00 secs] 
2021-03-02T21:53:49.131-0800: 17.528: [GC (Allocation Failure) [PSYoungGen: 99900K->416K(101376K)] 148696K->49212K(203776K), 0.0014045 secs] [Times: user=0.00 sys=0.01, real=0.00 secs] 
2021-03-02T21:53:49.234-0800: 17.631: [GC (Allocation Failure) [PSYoungGen: 99879K->448K(101888K)] 148675K->49244K(204288K), 0.0019260 secs] [Times: user=0.01 sys=0.01, real=0.00 secs] 
2021-03-02T21:53:49.332-0800: 17.729: [GC (Allocation Failure) [PSYoungGen: 100955K->448K(101888K)] 149752K->49244K(204288K), 0.0014464 secs] [Times: user=0.01 sys=0.01, real=0.00 secs] 
2021-03-02T21:53:49.433-0800: 17.830: [GC (Allocation Failure) [PSYoungGen: 100976K->448K(101888K)] 149772K->49244K(204288K), 0.0017723 secs] [Times: user=0.00 sys=0.01, real=0.00 secs] 
2021-03-02T21:53:49.531-0800: 17.928: [GC (Allocation Failure) [PSYoungGen: 101050K->416K(101888K)] 149846K->49212K(204288K), 0.0014703 secs] [Times: user=0.01 sys=0.01, real=0.00 secs] 
2021-03-02T21:53:49.542-0800: 17.939: [GC (Allocation Failure) [PSYoungGen: 100971K->480K(101888K)] 149767K->50300K(204288K), 0.0011222 secs] [Times: user=0.00 sys=0.00, real=0.00 secs] 
2021-03-02T21:53:49.637-0800: 18.034: [GC (Allocation Failure) [PSYoungGen: 100999K->448K(101888K)] 150819K->50268K(204288K), 0.0010753 secs] [Times: user=0.00 sys=0.00, real=0.00 secs] 
2021-03-02T21:53:49.735-0800: 18.132: [GC (Allocation Failure) [PSYoungGen: 100888K->416K(101888K)] 150708K->51260K(204288K), 0.0011563 secs] [Times: user=0.00 sys=0.00, real=0.00 secs] 
2021-03-02T21:53:49.840-0800: 18.237: [GC (Allocation Failure) [PSYoungGen: 100865K->416K(101888K)] 151709K->51260K(204288K), 0.0010038 secs] [Times: user=0.00 sys=0.00, real=0.00 secs] 
2021-03-02T21:53:49.935-0800: 18.332: [GC (Allocation Failure) [PSYoungGen: 100852K->480K(101888K)] 151697K->51324K(204288K), 0.0009737 secs] [Times: user=0.00 sys=0.01, real=0.00 secs] 
2021-03-02T21:53:50.040-0800: 18.436: [GC (Allocation Failure) [PSYoungGen: 100895K->448K(101888K)] 151740K->51292K(204288K), 0.0010348 secs] [Times: user=0.00 sys=0.00, real=0.00 secs] 
2021-03-02T21:53:50.134-0800: 18.531: [GC (Allocation Failure) [PSYoungGen: 100865K->480K(101888K)] 151709K->51324K(204288K), 0.0012191 secs] [Times: user=0.01 sys=0.00, real=0.00 secs] 
2021-03-02T21:53:50.241-0800: 18.638: [GC (Allocation Failure) [PSYoungGen: 100895K->480K(101888K)] 151739K->51324K(204288K), 0.0013324 secs] [Times: user=0.00 sys=0.00, real=0.00 secs] 
2021-03-02T21:53:50.336-0800: 18.733: [GC (Allocation Failure) [PSYoungGen: 100897K->480K(100864K)] 151741K->51324K(203264K), 0.0012680 secs] [Times: user=0.01 sys=0.00, real=0.00 secs] 
2021-03-02T21:53:50.439-0800: 18.836: [GC (Allocation Failure) [PSYoungGen: 99852K->448K(101376K)] 150696K->51292K(203776K), 0.0012688 secs] [Times: user=0.01 sys=0.00, real=0.01 secs] 
2021-03-02T21:53:50.541-0800: 18.938: [GC (Allocation Failure) [PSYoungGen: 99818K->416K(101376K)] 150662K->51260K(203776K), 0.0010891 secs] [Times: user=0.00 sys=0.00, real=0.00 secs] 
2021-03-02T21:53:50.634-0800: 19.031: [GC (Allocation Failure) [PSYoungGen: 99786K->448K(101376K)] 150630K->52316K(203776K), 0.0014175 secs] [Times: user=0.01 sys=0.00, real=0.00 secs] 
2021-03-02T21:53:50.732-0800: 19.128: [GC (Allocation Failure) [PSYoungGen: 99874K->480K(100864K)] 151743K->52348K(203264K), 0.0012123 secs] [Times: user=0.00 sys=0.00, real=0.00 secs] 
2021-03-02T21:53:50.838-0800: 19.235: [GC (Allocation Failure) [PSYoungGen: 99873K->448K(101376K)] 151741K->54364K(203776K), 0.0016505 secs] [Times: user=0.00 sys=0.00, real=0.01 secs] 
2021-03-02T21:53:50.930-0800: 19.327: [GC (Allocation Failure) [PSYoungGen: 99864K->480K(100864K)] 153780K->54396K(203264K), 0.0012029 secs] [Times: user=0.00 sys=0.00, real=0.00 secs] 
2021-03-02T21:53:51.031-0800: 19.428: [GC (Allocation Failure) [PSYoungGen: 99874K->480K(101376K)] 153791K->54396K(203776K), 0.0011867 secs] [Times: user=0.01 sys=0.00, real=0.00 secs] 
2021-03-02T21:53:51.129-0800: 19.526: [GC (Allocation Failure) [PSYoungGen: 99894K->448K(101376K)] 153810K->54364K(203776K), 0.0010259 secs] [Times: user=0.00 sys=0.00, real=0.01 secs] 
2021-03-02T21:53:51.231-0800: 19.628: [GC (Allocation Failure) [PSYoungGen: 99908K->416K(101376K)] 153824K->54332K(203776K), 0.0009963 secs] [Times: user=0.00 sys=0.01, real=0.00 secs] 
2021-03-02T21:53:51.331-0800: 19.728: [GC (Allocation Failure) [PSYoungGen: 99879K->416K(101376K)] 153795K->55356K(203776K), 0.0014940 secs] [Times: user=0.01 sys=0.00, real=0.00 secs] 
2021-03-02T21:53:51.431-0800: 19.828: [GC (Allocation Failure) [PSYoungGen: 99888K->384K(101376K)] 154828K->56348K(203776K), 0.0011773 secs] [Times: user=0.00 sys=0.00, real=0.00 secs] 
2021-03-02T21:53:51.531-0800: 19.928: [GC (Allocation Failure) [PSYoungGen: 99835K->448K(101376K)] 155800K->56412K(203776K), 0.0010266 secs] [Times: user=0.00 sys=0.00, real=0.00 secs] 
2021-03-02T21:53:51.630-0800: 20.027: [GC (Allocation Failure) [PSYoungGen: 99888K->448K(101376K)] 155852K->56412K(203776K), 0.0013024 secs] [Times: user=0.00 sys=0.00, real=0.00 secs] 
2021-03-02T21:53:51.642-0800: 20.039: [GC (Allocation Failure) [PSYoungGen: 99955K->480K(100864K)] 155919K->56444K(203264K), 0.0008621 secs] [Times: user=0.01 sys=0.00, real=0.00 secs] 
2021-03-02T21:53:51.734-0800: 20.131: [GC (Allocation Failure) [PSYoungGen: 99944K->448K(101376K)] 155908K->56412K(203776K), 0.0011371 secs] [Times: user=0.00 sys=0.00, real=0.00 secs] 
Heap
 PSYoungGen      total 101376K, used 10891K [0x00000007b9c00000, 0x00000007c0000000, 0x00000007c0000000)
  eden space 100352K, 10% used [0x00000007b9c00000,0x00000007ba632ee8,0x00000007bfe00000)
  from space 1024K, 43% used [0x00000007bfe00000,0x00000007bfe70000,0x00000007bff00000)
  to   space 512K, 0% used [0x00000007bff80000,0x00000007bff80000,0x00000007c0000000)
 ParOldGen       total 102400K, used 55964K [0x00000007b3800000, 0x00000007b9c00000, 0x00000007b9c00000)
  object space 102400K, 54% used [0x00000007b3800000,0x00000007b6ea7138,0x00000007b9c00000)
 Metaspace       used 4907K, capacity 5000K, committed 5248K, reserved 1056768K
  class space    used 540K, capacity 598K, committed 640K, reserved 1048576K
